TN:
SF:src/auth.ts
FNF:0
FNH:0
DA:5,0
LF:1
LH:0
BRDA:9,0,0,0
BRDA:9,0,1,0
BRDA:13,1,0,0
BRDA:13,1,1,0
BRF:4
BRH:0
end_of_record
TN:
SF:src/index.ts
FN:26,(anonymous_0)
FN:41,(anonymous_1)
FN:45,(anonymous_2)
FN:49,(anonymous_3)
FN:63,(anonymous_4)
FN:69,(anonymous_5)
FN:71,(anonymous_6)
FN:77,(anonymous_7)
FN:79,(anonymous_8)
FNF:9
FNH:0
FNDA:0,(anonymous_0)
FNDA:0,(anonymous_1)
FNDA:0,(anonymous_2)
FNDA:0,(anonymous_3)
FNDA:0,(anonymous_4)
FNDA:0,(anonymous_5)
FNDA:0,(anonymous_6)
FNDA:0,(anonymous_7)
FNDA:0,(anonymous_8)
DA:10,0
DA:13,0
DA:26,0
DA:27,0
DA:29,0
DA:30,0
DA:31,0
DA:32,0
DA:35,0
DA:36,0
DA:37,0
DA:41,0
DA:42,0
DA:45,0
DA:46,0
DA:49,0
DA:50,0
DA:51,0
DA:54,0
DA:55,0
DA:56,0
DA:58,0
DA:64,0
DA:69,0
DA:70,0
DA:71,0
DA:72,0
DA:73,0
DA:77,0
DA:78,0
DA:79,0
DA:80,0
DA:81,0
LF:33
LH:0
BRDA:29,0,0,0
BRDA:29,0,1,0
BRDA:61,1,0,0
BRDA:61,1,1,0
BRF:4
BRH:0
end_of_record
TN:
SF:src/test-helpers.ts
FNF:0
FNH:0
DA:2,0
DA:22,0
DA:29,0
LF:3
LH:0
BRF:0
BRH:0
end_of_record
TN:
SF:src/test-setup.ts
FN:5,createTestApp
FN:9,(anonymous_1)
FN:26,(anonymous_2)
FN:30,(anonymous_3)
FN:34,(anonymous_4)
FN:40,(anonymous_5)
FN:88,(anonymous_6)
FN:128,(anonymous_7)
FN:159,(anonymous_8)
FNF:9
FNH:0
FNDA:0,createTestApp
FNDA:0,(anonymous_1)
FNDA:0,(anonymous_2)
FNDA:0,(anonymous_3)
FNDA:0,(anonymous_4)
FNDA:0,(anonymous_5)
FNDA:0,(anonymous_6)
FNDA:0,(anonymous_7)
FNDA:0,(anonymous_8)
DA:6,0
DA:9,0
DA:10,0
DA:14,0
DA:15,0
DA:16,0
DA:17,0
DA:20,0
DA:21,0
DA:22,0
DA:26,0
DA:27,0
DA:30,0
DA:31,0
DA:34,0
DA:35,0
DA:36,0
DA:40,0
DA:41,0
DA:42,0
DA:44,0
DA:54,0
DA:55,0
DA:64,0
DA:74,0
DA:77,0
DA:78,0
DA:88,0
DA:89,0
DA:90,0
DA:91,0
DA:92,0
DA:96,0
DA:101,0
DA:102,0
DA:111,0
DA:128,0
DA:140,0
DA:145,0
DA:148,0
DA:149,0
DA:159,0
DA:160,0
DA:162,0
DA:165,0
DA:166,0
DA:176,0
DA:201,0
DA:202,0
DA:211,0
DA:216,0
DA:219,0
DA:220,0
DA:230,0
LF:54
LH:0
BRDA:14,0,0,0
BRDA:14,0,1,0
BRDA:54,1,0,0
BRDA:54,1,1,0
BRDA:77,2,0,0
BRDA:77,2,1,0
BRDA:92,3,0,0
BRDA:92,3,1,0
BRDA:101,4,0,0
BRDA:101,4,1,0
BRDA:148,5,0,0
BRDA:148,5,1,0
BRDA:165,6,0,0
BRDA:165,6,1,0
BRDA:201,7,0,0
BRDA:201,7,1,0
BRDA:219,8,0,0
BRDA:219,8,1,0
BRF:18
BRH:0
end_of_record
TN:
SF:src/routes/tracks/index.ts
FN:8,(anonymous_0)
FN:56,(anonymous_1)
FN:96,(anonymous_2)
FNF:3
FNH:0
FNDA:0,(anonymous_0)
FNDA:0,(anonymous_1)
FNDA:0,(anonymous_2)
DA:6,0
DA:8,0
DA:9,0
DA:10,0
DA:12,0
DA:22,0
DA:23,0
DA:32,0
DA:42,0
DA:45,0
DA:46,0
DA:56,0
DA:57,0
DA:58,0
DA:59,0
DA:60,0
DA:64,0
DA:69,0
DA:70,0
DA:79,0
DA:96,0
DA:108,0
DA:113,0
DA:116,0
DA:117,0
LF:25
LH:0
BRDA:22,0,0,0
BRDA:22,0,1,0
BRDA:45,1,0,0
BRDA:45,1,1,0
BRDA:60,2,0,0
BRDA:60,2,1,0
BRDA:69,3,0,0
BRDA:69,3,1,0
BRDA:116,4,0,0
BRDA:116,4,1,0
BRF:10
BRH:0
end_of_record
TN:
SF:src/routes/user/index.ts
FN:8,(anonymous_0)
FNF:1
FNH:0
FNDA:0,(anonymous_0)
DA:6,0
DA:8,0
DA:9,0
DA:11,0
DA:14,0
DA:15,0
DA:25,0
DA:50,0
DA:51,0
DA:60,0
DA:65,0
DA:68,0
DA:69,0
LF:13
LH:0
BRDA:14,0,0,0
BRDA:14,0,1,0
BRDA:50,1,0,0
BRDA:50,1,1,0
BRDA:68,2,0,0
BRDA:68,2,1,0
BRF:6
BRH:0
end_of_record
